c:\users\user\9ade8051-gr52-repo\projekt\battle\x64\debug\vc142.pdb
c:\users\user\9ade8051-gr52-repo\projekt\battle\x64\debug\vc142.idb
c:\users\user\9ade8051-gr52-repo\projekt\battle\x64\debug\villain.obj
c:\users\user\9ade8051-gr52-repo\projekt\battle\x64\debug\gameview.obj
c:\users\user\9ade8051-gr52-repo\projekt\battle\x64\debug\dragon.obj
c:\users\user\9ade8051-gr52-repo\projekt\battle\x64\debug\creature.obj
c:\users\user\9ade8051-gr52-repo\projekt\battle\x64\debug\button.obj
c:\users\user\9ade8051-gr52-repo\projekt\battle\x64\debug\battle.obj
c:\users\user\9ade8051-gr52-repo\projekt\battle\x64\debug\character.obj
c:\users\user\9ade8051-gr52-repo\projekt\battle\x64\debug\hero.obj
c:\users\user\9ade8051-gr52-repo\projekt\battle\x64\debug\gameprogress.obj
c:\users\user\9ade8051-gr52-repo\projekt\battle\x64\debug\darkelf.obj
c:\users\user\9ade8051-gr52-repo\projekt\battle\x64\debug\orc.obj
c:\users\user\9ade8051-gr52-repo\projekt\battle\x64\debug\sorcerer.obj
c:\users\user\9ade8051-gr52-repo\projekt\battle\x64\debug\thief.obj
c:\users\user\9ade8051-gr52-repo\projekt\battle\x64\debug\paladin.obj
c:\users\user\9ade8051-gr52-repo\projekt\battle\x64\debug\elf.obj
c:\users\user\9ade8051-gr52-repo\projekt\battle\x64\debug\wizard.obj
c:\users\user\9ade8051-gr52-repo\projekt\battle\x64\debug\warrior.obj
c:\users\user\9ade8051-gr52-repo\projekt\battle\x64\debug\assassin.obj
c:\users\user\9ade8051-gr52-repo\projekt\battle\x64\debug\character.obj.enc
c:\users\user\9ade8051-gr52-repo\projekt\battle\x64\debug\gameview.obj.enc
c:\users\user\9ade8051-gr52-repo\projekt\battle\x64\debug\battle.tlog\cl.command.1.tlog
c:\users\user\9ade8051-gr52-repo\projekt\battle\x64\debug\battle.tlog\cl.read.1.tlog
c:\users\user\9ade8051-gr52-repo\projekt\battle\x64\debug\battle.tlog\cl.write.1.tlog
c:\users\user\9ade8051-gr52-repo\projekt\battle\x64\debug\battle.tlog\link.2164-cvtres.read.1.tlog
c:\users\user\9ade8051-gr52-repo\projekt\battle\x64\debug\battle.tlog\link.2164-cvtres.write.1.tlog
c:\users\user\9ade8051-gr52-repo\projekt\battle\x64\debug\battle.tlog\link.2164-rc.read.1.tlog
c:\users\user\9ade8051-gr52-repo\projekt\battle\x64\debug\battle.tlog\link.2164-rc.write.1.tlog
c:\users\user\9ade8051-gr52-repo\projekt\battle\x64\debug\battle.tlog\link.2164.read.1.tlog
c:\users\user\9ade8051-gr52-repo\projekt\battle\x64\debug\battle.tlog\link.2164.write.1.tlog
c:\users\user\9ade8051-gr52-repo\projekt\battle\x64\debug\battle.tlog\link.command.1.tlog
c:\users\user\9ade8051-gr52-repo\projekt\battle\x64\debug\battle.tlog\link.read.1.tlog
c:\users\user\9ade8051-gr52-repo\projekt\battle\x64\debug\battle.tlog\link.write.1.tlog
